Using pre-set license
Built from '2020.3/staging' branch; Version is '2020.3.18f1 (a7d1c678663c) revision 10998214'; Using compiler version '192528614'; Build Type 'Release'
OS: 'Windows 10 Pro; OS build 19041.1237; Version 2004; 64bit' Language: 'ru' Physical Memory: 8111 MB
BatchMode: 1, IsHumanControllingUs: 0, StartBugReporterOnCrash: 0, Is64bit: 1, IsPro: 0

COMMAND LINE ARGUMENTS:
G:\2020.3.18f1\Editor\Unity.exe
-adb2
-batchMode
-noUpm
-name
AssetImportWorker0
-projectPath
C:/Users/Jhonn/Desktop/Test_Ball/Sphere_game
-logFile
Logs/AssetImportWorker0.log
-srvPort
62258
Successfully changed project path to: C:/Users/Jhonn/Desktop/Test_Ball/Sphere_game
C:/Users/Jhonn/Desktop/Test_Ball/Sphere_game
Using Asset Import Pipeline V2.
Refreshing native plugins compatible for Editor in 47.69 ms, found 2 plugins.
Preloading 0 native plugins for Editor in 0.00 ms.
Initialize engine version: 2020.3.18f1 (a7d1c678663c)
[Subsystems] Discovering subsystems at path G:/2020.3.18f1/Editor/Data/Resources/UnitySubsystems
[Subsystems] Discovering subsystems at path C:/Users/Jhonn/Desktop/Test_Ball/Sphere_game/Assets
GfxDevice: creating device client; threaded=0
Direct3D:
    Version:  Direct3D 11.0 [level 11.0]
    Renderer: NVIDIA GeForce GTX 650 (ID=0xfc6)
    Vendor:   
    VRAM:     984 MB
    Driver:   27.21.14.6647
Initialize mono
Mono path[0] = 'G:/2020.3.18f1/Editor/Data/Managed'
Mono path[1] = 'G:/2020.3.18f1/Editor/Data/MonoBleedingEdge/lib/mono/unityjit'
Mono config path = 'G:/2020.3.18f1/Editor/Data/MonoBleedingEdge/etc'
Using monoOptions --debugger-agent=transport=dt_socket,embedding=1,server=y,suspend=n,address=127.0.0.1:56064
Begin MonoManager ReloadAssembly
Registering precompiled unity dll's ...
Register platform support module: G:/2020.3.18f1/Editor/Data/PlaybackEngines/WindowsStandaloneSupport/UnityEditor.WindowsStandalone.Extensions.dll
Registered in 0.001524 seconds.
Native extension for WindowsStandalone target not found
Refreshing native plugins compatible for Editor in 44.36 ms, found 2 plugins.
Preloading 0 native plugins for Editor in 0.00 ms.
Mono: successfully reloaded assembly
- Completed reload, in  2.044 seconds
Domain Reload Profiling:
	ReloadAssembly (2044ms)
		BeginReloadAssembly (72ms)
			ExecutionOrderSort (0ms)
			DisableScriptedObjects (0ms)
			BackupInstance (0ms)
			ReleaseScriptingObjects (0ms)
			CreateAndSetChildDomain (1ms)
		EndReloadAssembly (570ms)
			LoadAssemblies (71ms)
			RebuildTransferFunctionScriptingTraits (0ms)
			SetupTypeCache (205ms)
			ReleaseScriptCaches (0ms)
			RebuildScriptCaches (44ms)
			SetupLoadedEditorAssemblies (226ms)
				LogAssemblyErrors (0ms)
				InitializePlatformSupportModulesInManaged (5ms)
				SetLoadedEditorAssemblies (0ms)
				RefreshPlugins (44ms)
				BeforeProcessingInitializeOnLoad (24ms)
				ProcessInitializeOnLoadAttributes (112ms)
				ProcessInitializeOnLoadMethodAttributes (40ms)
				AfterProcessingInitializeOnLoad (0ms)
				EditorAssembliesLoaded (0ms)
			ExecutionOrderSort2 (0ms)
			AwakeInstancesAfterBackupRestoration (0ms)
Platform modules already initialized, skipping
Registering precompiled user dll's ...
Registered in 0.004344 seconds.
Begin MonoManager ReloadAssembly
Native extension for WindowsStandalone target not found
Refreshing native plugins compatible for Editor in 0.53 ms, found 2 plugins.
Preloading 0 native plugins for Editor in 0.00 ms.
Mono: successfully reloaded assembly
- Completed reload, in  1.377 seconds
Domain Reload Profiling:
	ReloadAssembly (1378ms)
		BeginReloadAssembly (200ms)
			ExecutionOrderSort (0ms)
			DisableScriptedObjects (7ms)
			BackupInstance (0ms)
			ReleaseScriptingObjects (0ms)
			CreateAndSetChildDomain (24ms)
		EndReloadAssembly (1099ms)
			LoadAssemblies (115ms)
			RebuildTransferFunctionScriptingTraits (0ms)
			SetupTypeCache (364ms)
			ReleaseScriptCaches (0ms)
			RebuildScriptCaches (63ms)
			SetupLoadedEditorAssemblies (426ms)
				LogAssemblyErrors (0ms)
				InitializePlatformSupportModulesInManaged (6ms)
				SetLoadedEditorAssemblies (1ms)
				RefreshPlugins (1ms)
				BeforeProcessingInitializeOnLoad (106ms)
				ProcessInitializeOnLoadAttributes (302ms)
				ProcessInitializeOnLoadMethodAttributes (7ms)
				AfterProcessingInitializeOnLoad (4ms)
				EditorAssembliesLoaded (0ms)
			ExecutionOrderSort2 (0ms)
			AwakeInstancesAfterBackupRestoration (10ms)
Platform modules already initialized, skipping
========================================================================
Worker process is ready to serve import requests
Launched and connected shader compiler UnityShaderCompiler.exe after 0.08 seconds
Refreshing native plugins compatible for Editor in 0.42 ms, found 2 plugins.
Preloading 0 native plugins for Editor in 0.00 ms.
Unloading 1404 Unused Serialized files (Serialized files now loaded: 0)
System memory in use before: 77.3 MB.
System memory in use after: 77.4 MB.

Unloading 16 unused Assets to reduce memory usage. Loaded Objects now: 1854.
Total: 3.521200 ms (FindLiveObjects: 0.161700 ms CreateObjectMapping: 0.074600 ms MarkObjects: 3.183900 ms  DeleteObjects: 0.099000 ms)

AssetImportParameters requested are different than current active one (requested -> active):
  custom:framework-win-MediaFoundation: 216162199b28c13a410421893ffa2e32 -> 
  custom:video-decoder-ogg-theora: a1e56fd34408186e4bbccfd4996cb3dc -> 
  custom:container-muxer-webm: aa71ff27fc2769a1b78a27578f13a17b -> 
  custom:container-demuxer-webm: 4f35f7cbe854078d1ac9338744f61a02 -> 
  custom:container-demuxer-ogg: 62fdf1f143b41e24485cea50d1cbac27 -> 
  custom:video-encoder-webm-vp8: eb34c28f22e8b96e1ab97ce403110664 -> 
  custom:video-decoder-webm-vp8: 9c59270c3fd7afecdb556c50c9e8de78 -> 
  custom:audio-decoder-ogg-vorbis: bf7c407c2cedff20999df2af8eb42d56 -> 
  custom:audio-encoder-webm-vorbis: bf7c407c2cedff20999df2af8eb42d56 -> 
========================================================================
Received Import Request.
  path: Assets/main/LightingData.asset
  artifactKey: Guid(a7d503b05ef50044daeae4bea2d2517e) Importer(815301076,1909f56bfc062723c751e8b465ee728b)
Start importing Assets/main/LightingData.asset using Guid(a7d503b05ef50044daeae4bea2d2517e) Importer(815301076,1909f56bfc062723c751e8b465ee728b)  -> (artifact id: 'fd6a0b8c64db9434cd10bd2fe89d203a') in 0.050832 seconds 
  Import took 0.053583 seconds .

========================================================================
Received Import Request.
  Time since last request: 0.000325 seconds.
  path: Assets/main/Lightmap-0_comp_dir.png
  artifactKey: Guid(731836a08d9b6ca4c80caf05fa9cda6b) Importer(815301076,1909f56bfc062723c751e8b465ee728b)
Start importing Assets/main/Lightmap-0_comp_dir.png using Guid(731836a08d9b6ca4c80caf05fa9cda6b) Importer(815301076,1909f56bfc062723c751e8b465ee728b)  -> (artifact id: '9524ab4a3154c75e5c6375914274535e') in 0.257997 seconds 
  Import took 0.260570 seconds .

========================================================================
Received Import Request.
  Time since last request: 0.000360 seconds.
  path: Assets/main
  artifactKey: Guid(56b2107fdc7b4cf4daaffb9596408177) Importer(815301076,1909f56bfc062723c751e8b465ee728b)
Start importing Assets/main using Guid(56b2107fdc7b4cf4daaffb9596408177) Importer(815301076,1909f56bfc062723c751e8b465ee728b)  -> (artifact id: '43fa341f930221f1b9f00d24d853b0f8') in 0.010974 seconds 
  Import took 0.013504 seconds .

========================================================================
Received Import Request.
  Time since last request: 0.000262 seconds.
  path: Assets/main/ReflectionProbe-0.exr
  artifactKey: Guid(06895053aaa229e498209b261b53655d) Importer(815301076,1909f56bfc062723c751e8b465ee728b)
Start importing Assets/main/ReflectionProbe-0.exr using Guid(06895053aaa229e498209b261b53655d) Importer(815301076,1909f56bfc062723c751e8b465ee728b)  -> (artifact id: '6205a872608292aca9e1e4ce8ca27fe1') in 3.231814 seconds 
  Import took 3.234499 seconds .

========================================================================
Received Import Request.
  Time since last request: 0.000367 seconds.
  path: Assets/main/Lightmap-0_comp_light.exr
  artifactKey: Guid(baa7e868826793e42919500022b7b831) Importer(815301076,1909f56bfc062723c751e8b465ee728b)
Start importing Assets/main/Lightmap-0_comp_light.exr using Guid(baa7e868826793e42919500022b7b831) Importer(815301076,1909f56bfc062723c751e8b465ee728b)  -> (artifact id: '1422824e40c13f789d71b1bf8b987f47') in 0.111418 seconds 
  Import took 0.114320 seconds .

========================================================================
Received Import Request.
  Time since last request: 0.000308 seconds.
  path: Assets/Joystick Pack/Sprites
  artifactKey: Guid(f36f8459cb8c3fd44ba4390ba9652af8) Importer(815301076,1909f56bfc062723c751e8b465ee728b)
Start importing Assets/Joystick Pack/Sprites using Guid(f36f8459cb8c3fd44ba4390ba9652af8) Importer(815301076,1909f56bfc062723c751e8b465ee728b)  -> (artifact id: 'cfe99dba3aae57c03c565a1be73e4091') in 0.007845 seconds 
  Import took 0.010629 seconds .

========================================================================
Received Import Request.
  Time since last request: 53.348134 seconds.
  path: Assets/Scripts/BarrierColl.cs
  artifactKey: Guid(18cb6501f68428e46bc37ce0c4109a8a) Importer(815301076,1909f56bfc062723c751e8b465ee728b)
Start importing Assets/Scripts/BarrierColl.cs using Guid(18cb6501f68428e46bc37ce0c4109a8a) Importer(815301076,1909f56bfc062723c751e8b465ee728b)  -> (artifact id: '41de532ee2d263be58aeeb4cf3cc884b') in 0.098598 seconds 
  Import took 0.102019 seconds .

AssetImportWorkerClient::OnTransportError - code=2 error=End of file
